<?xml version="1.0" encoding="UTF-8"?>
<testsuite name="the user applies the job offer" tests="1" skipped="0" failures="1" errors="0" timestamp="2021-05-14T04:11:35" hostname="LAPTOP-AVRRJBHF" time="31.211">
  <properties/>
  <testcase name="the user wants to apply a job offer in choucair" classname="the user applies the job offer" time="31.211">
    <failure message="java.lang.AssertionError: invalid selector: Unable to locate an element with the xpath expression  because of the following error:&#10;SyntaxError: Failed to execute 'evaluate' on 'Document': The string '' is not a valid XPath expression.&#10;  (Session info: chrome=90.0.4430.212)&#10;For documentation on this error, please visit: https://www.seleniumhq.org/exceptions/invalid_selector_exception.html&#10;Build info: version: '3.141.59', revision: 'e82be7d358', time: '2018-11-14T08:17:03'&#10;System info: host: 'LAPTOP-AVRRJBHF', ip: '192.168.0.47', os.name: 'Windows 10', os.arch: 'amd64', os.version: '10.0', java.version: '11.0.4'&#10;Driver info: org.openqa.selenium.chrome.ChromeDriver&#10;Capabilities {acceptInsecureCerts: false, browserName: chrome, browserVersion: 90.0.4430.212, chrome: {chromedriverVersion: 90.0.4430.24 (4c6d850f087da..., userDataDir: C:\Users\JUANKZ~1\AppData\L...}, goog:chromeOptions: {debuggerAddress: localhost:55451}, javascriptEnabled: true, networkConnectionEnabled: false, pageLoadStrategy: normal, platform: WINDOWS, platformName: WINDOWS, proxy: Proxy(), setWindowRect: true, strictFileInteractability: false, timeouts: {implicit: 0, pageLoad: 300000, script: 30000}, unhandledPromptBehavior: dismiss and notify, webauthn:extension:largeBlob: true, webauthn:virtualAuthenticators: true}&#10;Session ID: fa14a739827de9ff167d127a24bb8471&#10;*** Element info: {Using=xpath, value=}" type="java.lang.AssertionError">java.lang.AssertionError: invalid selector: Unable to locate an element with the xpath expression  because of the following error:
SyntaxError: Failed to execute 'evaluate' on 'Document': The string '' is not a valid XPath expression.
  (Session info: chrome=90.0.4430.212)
For documentation on this error, please visit: https://www.seleniumhq.org/exceptions/invalid_selector_exception.html
Build info: version: '3.141.59', revision: 'e82be7d358', time: '2018-11-14T08:17:03'
System info: host: 'LAPTOP-AVRRJBHF', ip: '192.168.0.47', os.name: 'Windows 10', os.arch: 'amd64', os.version: '10.0', java.version: '11.0.4'
Driver info: org.openqa.selenium.chrome.ChromeDriver
Capabilities {acceptInsecureCerts: false, browserName: chrome, browserVersion: 90.0.4430.212, chrome: {chromedriverVersion: 90.0.4430.24 (4c6d850f087da..., userDataDir: C:\Users\JUANKZ~1\AppData\L...}, goog:chromeOptions: {debuggerAddress: localhost:55451}, javascriptEnabled: true, networkConnectionEnabled: false, pageLoadStrategy: normal, platform: WINDOWS, platformName: WINDOWS, proxy: Proxy(), setWindowRect: true, strictFileInteractability: false, timeouts: {implicit: 0, pageLoad: 300000, script: 30000}, unhandledPromptBehavior: dismiss and notify, webauthn:extension:largeBlob: true, webauthn:virtualAuthenticators: true}
Session ID: fa14a739827de9ff167d127a24bb8471
*** Element info: {Using=xpath, value=}
	at net.serenitybdd.screenplay.ErrorTally.throwSummaryExceptionFrom(ErrorTally.java:36)
	at net.serenitybdd.screenplay.ErrorTally.reportAnyErrors(ErrorTally.java:30)
	at net.serenitybdd.screenplay.Actor.should(Actor.java:301)
	at com.co.certification.automatizacion.choucair.stepdefinitions.RegisterJobStepDefinitions.successful_registration_verification(RegisterJobStepDefinitions.java:41)
	at ✽.successful registration verification(src/test/resources/features/registerjobchoucair.feature:9)
</failure>
  </testcase>
  <system-out><![CDATA[]]></system-out>
  <system-err><![CDATA[[Test worker] WARN net.thucydides.core.steps.BaseStepListener - stepStarted: net.thucydides.core.steps.ExecutedStepDescription@466d44dc
[Test worker] INFO net.thucydides.core.steps.ConsoleLoggingListener - STARTING STEP Given the user enters the portal choucair
[Test worker] WARN net.thucydides.core.steps.BaseStepListener - stepStarted: net.thucydides.core.steps.ExecutedStepDescription@2b9f6c9d
[Test worker] INFO net.thucydides.core.steps.ConsoleLoggingListener - STARTING STEP User open up
[Test worker] WARN net.thucydides.core.steps.BaseStepListener - stepStarted: net.thucydides.core.steps.ExecutedStepDescription@4418964c
[Test worker] INFO net.thucydides.core.steps.ConsoleLoggingListener - STARTING STEP User opens the Choucair page
may. 13, 2021 11:11:36 P. M. org.openqa.selenium.remote.DesiredCapabilities chrome
INFORMACIÓN: Using `new ChromeOptions()` is preferred to `DesiredCapabilities.chrome()`
[Test worker] INFO net.serenitybdd.core.webdriver.driverproviders.ProvideNewDriver - Instantiating driver
[Test worker] INFO net.serenitybdd.core.webdriver.driverproviders.ProvideNewDriver - Driver capabilities: Capabilities {acceptInsecureCerts: false, browserName: chrome, chrome.switches: --star-maximized, goog:chromeOptions: {args: [--star-maximized], extensions: []}, loggingPrefs: org.openqa.selenium.logging..., platform: ANY, version: }
Starting ChromeDriver 90.0.4430.24 (4c6d850f087da467d926e8eddb76550aed655991-refs/branch-heads/4430@{#429}) on port 22492
Only local connections are allowed.
Please see https://chromedriver.chromium.org/security-considerations for suggestions on keeping ChromeDriver safe.
ChromeDriver was started successfully.
may. 13, 2021 11:11:40 P. M. org.openqa.selenium.remote.ProtocolHandshake createSession
INFORMACIÓN: Detected dialect: W3C
[Test worker] WARN net.thucydides.core.steps.BaseStepListener - stepFinished: current outcome:the user wants to apply a job offer in choucair:Example: {keywords=Analista de Pruebas, locations=Medellín y Bogota, nombre=Deisy Tipazoca, correo=deisy.tipazoca15@gmail.com, celular=3143175760, estudios=Ingeniería de Software sexto semestre, experiencia=2 años, automatizacion=Si conozco un poco, salarial=2500000, disponibilidad=1 semana, mensaje=no aplica, verificacion=Analista de Pruebas Medellín y Bogotá} [Given the user enters the portal choucair [User open up [User opens the Choucair page]]]
[Test worker] INFO net.thucydides.core.steps.ConsoleLoggingListener - FINISHING STEP
[Test worker] WARN net.thucydides.core.steps.BaseStepListener - stepStarted: net.thucydides.core.steps.ExecutedStepDescription@1d1c122b
[Test worker] INFO net.thucydides.core.steps.ConsoleLoggingListener - STARTING STEP User clicks on User accept Cookies
[Test worker] WARN net.thucydides.core.steps.BaseStepListener - stepFinished: current outcome:the user wants to apply a job offer in choucair:Example: {keywords=Analista de Pruebas, locations=Medellín y Bogota, nombre=Deisy Tipazoca, correo=deisy.tipazoca15@gmail.com, celular=3143175760, estudios=Ingeniería de Software sexto semestre, experiencia=2 años, automatizacion=Si conozco un poco, salarial=2500000, disponibilidad=1 semana, mensaje=no aplica, verificacion=Analista de Pruebas Medellín y Bogotá} [Given the user enters the portal choucair [User open up [User opens the Choucair page, User clicks on User accept Cookies]]]
[Test worker] INFO net.thucydides.core.steps.ConsoleLoggingListener - FINISHING STEP
[Test worker] WARN net.thucydides.core.steps.BaseStepListener - stepStarted: net.thucydides.core.steps.ExecutedStepDescription@263d6f05
[Test worker] INFO net.thucydides.core.steps.ConsoleLoggingListener - STARTING STEP User clicks on User click Button Job
[Test worker] WARN net.thucydides.core.steps.BaseStepListener - stepFinished: current outcome:the user wants to apply a job offer in choucair:Example: {keywords=Analista de Pruebas, locations=Medellín y Bogota, nombre=Deisy Tipazoca, correo=deisy.tipazoca15@gmail.com, celular=3143175760, estudios=Ingeniería de Software sexto semestre, experiencia=2 años, automatizacion=Si conozco un poco, salarial=2500000, disponibilidad=1 semana, mensaje=no aplica, verificacion=Analista de Pruebas Medellín y Bogotá} [Given the user enters the portal choucair [User open up [User opens the Choucair page, User clicks on User accept Cookies, User clicks on User click Button Job]]]
[Test worker] INFO net.thucydides.core.steps.ConsoleLoggingListener - FINISHING STEP
[Test worker] WARN net.thucydides.core.steps.BaseStepListener - stepFinished: current outcome:the user wants to apply a job offer in choucair:Example: {keywords=Analista de Pruebas, locations=Medellín y Bogota, nombre=Deisy Tipazoca, correo=deisy.tipazoca15@gmail.com, celular=3143175760, estudios=Ingeniería de Software sexto semestre, experiencia=2 años, automatizacion=Si conozco un poco, salarial=2500000, disponibilidad=1 semana, mensaje=no aplica, verificacion=Analista de Pruebas Medellín y Bogotá} [Given the user enters the portal choucair [User open up [User opens the Choucair page, User clicks on User accept Cookies, User clicks on User click Button Job]]]
[Test worker] INFO net.thucydides.core.steps.ConsoleLoggingListener - FINISHING STEP
[Test worker] WARN net.thucydides.core.steps.BaseStepListener - stepFinished: current outcome:the user wants to apply a job offer in choucair:Example: {keywords=Analista de Pruebas, locations=Medellín y Bogota, nombre=Deisy Tipazoca, correo=deisy.tipazoca15@gmail.com, celular=3143175760, estudios=Ingeniería de Software sexto semestre, experiencia=2 años, automatizacion=Si conozco un poco, salarial=2500000, disponibilidad=1 semana, mensaje=no aplica, verificacion=Analista de Pruebas Medellín y Bogotá} [Given the user enters the portal choucair [User open up [User opens the Choucair page, User clicks on User accept Cookies, User clicks on User click Button Job]]]
[Test worker] INFO net.thucydides.core.steps.ConsoleLoggingListener - FINISHING STEP
[Test worker] WARN net.thucydides.core.steps.BaseStepListener - stepStarted: net.thucydides.core.steps.ExecutedStepDescription@19025052
[Test worker] INFO net.thucydides.core.steps.ConsoleLoggingListener - STARTING STEP When the user applies a job offer
| keywords | locations | nombre | correo | celular | estudios | experiencia | automatizacion | salarial | disponibilidad | mensaje |
| Analista de Pruebas | Medellín y Bogota | Deisy Tipazoca | deisy.tipazoca15@gmail.com | 3143175760 | Ingeniería de Software sexto semestre | 2 años | Si conozco un poco | 2500000 | 1 semana | no aplica |
[Test worker] WARN net.thucydides.core.steps.BaseStepListener - stepStarted: net.thucydides.core.steps.ExecutedStepDescription@8e42f68
[Test worker] INFO net.thucydides.core.steps.ConsoleLoggingListener - STARTING STEP User search fora job
[Test worker] WARN net.thucydides.core.steps.BaseStepListener - stepStarted: net.thucydides.core.steps.ExecutedStepDescription@4b1f5f3d
[Test worker] INFO net.thucydides.core.steps.ConsoleLoggingListener - STARTING STEP User enters 'Analista de Pruebas' then hits [ENTER] into The user intro date
[Test worker] WARN net.thucydides.core.steps.BaseStepListener - stepFinished: current outcome:the user wants to apply a job offer in choucair:Example: {keywords=Analista de Pruebas, locations=Medellín y Bogota, nombre=Deisy Tipazoca, correo=deisy.tipazoca15@gmail.com, celular=3143175760, estudios=Ingeniería de Software sexto semestre, experiencia=2 años, automatizacion=Si conozco un poco, salarial=2500000, disponibilidad=1 semana, mensaje=no aplica, verificacion=Analista de Pruebas Medellín y Bogotá} [Given the user enters the portal choucair [User open up [User opens the Choucair page, User clicks on User accept Cookies, User clicks on User click Button Job]], When the user applies a job offer
| keywords | locations | nombre | correo | celular | estudios | experiencia | automatizacion | salarial | disponibilidad | mensaje |
| Analista de Pruebas | Medellín y Bogota | Deisy Tipazoca | deisy.tipazoca15@gmail.com | 3143175760 | Ingeniería de Software sexto semestre | 2 años | Si conozco un poco | 2500000 | 1 semana | no aplica | [User search fora job [User enters 'Analista de Pruebas' then hits [ENTER] into The user intro date]]]
[Test worker] INFO net.thucydides.core.steps.ConsoleLoggingListener - FINISHING STEP
[Test worker] WARN net.thucydides.core.steps.BaseStepListener - stepStarted: net.thucydides.core.steps.ExecutedStepDescription@2871a9b9
[Test worker] INFO net.thucydides.core.steps.ConsoleLoggingListener - STARTING STEP User enters 'Medellín y Bogota' then hits [ENTER] into the user intro date
[Test worker] WARN net.thucydides.core.steps.BaseStepListener - stepFinished: current outcome:the user wants to apply a job offer in choucair:Example: {keywords=Analista de Pruebas, locations=Medellín y Bogota, nombre=Deisy Tipazoca, correo=deisy.tipazoca15@gmail.com, celular=3143175760, estudios=Ingeniería de Software sexto semestre, experiencia=2 años, automatizacion=Si conozco un poco, salarial=2500000, disponibilidad=1 semana, mensaje=no aplica, verificacion=Analista de Pruebas Medellín y Bogotá} [Given the user enters the portal choucair [User open up [User opens the Choucair page, User clicks on User accept Cookies, User clicks on User click Button Job]], When the user applies a job offer
| keywords | locations | nombre | correo | celular | estudios | experiencia | automatizacion | salarial | disponibilidad | mensaje |
| Analista de Pruebas | Medellín y Bogota | Deisy Tipazoca | deisy.tipazoca15@gmail.com | 3143175760 | Ingeniería de Software sexto semestre | 2 años | Si conozco un poco | 2500000 | 1 semana | no aplica | [User search fora job [User enters 'Analista de Pruebas' then hits [ENTER] into The user intro date, User enters 'Medellín y Bogota' then hits [ENTER] into the user intro date]]]
[Test worker] INFO net.thucydides.core.steps.ConsoleLoggingListener - FINISHING STEP
[Test worker] WARN net.thucydides.core.steps.BaseStepListener - stepStarted: net.thucydides.core.steps.ExecutedStepDescription@6c087898
[Test worker] INFO net.thucydides.core.steps.ConsoleLoggingListener - STARTING STEP User clicks on The User click on button
[Test worker] WARN net.thucydides.core.steps.BaseStepListener - stepFinished: current outcome:the user wants to apply a job offer in choucair:Example: {keywords=Analista de Pruebas, locations=Medellín y Bogota, nombre=Deisy Tipazoca, correo=deisy.tipazoca15@gmail.com, celular=3143175760, estudios=Ingeniería de Software sexto semestre, experiencia=2 años, automatizacion=Si conozco un poco, salarial=2500000, disponibilidad=1 semana, mensaje=no aplica, verificacion=Analista de Pruebas Medellín y Bogotá} [Given the user enters the portal choucair [User open up [User opens the Choucair page, User clicks on User accept Cookies, User clicks on User click Button Job]], When the user applies a job offer
| keywords | locations | nombre | correo | celular | estudios | experiencia | automatizacion | salarial | disponibilidad | mensaje |
| Analista de Pruebas | Medellín y Bogota | Deisy Tipazoca | deisy.tipazoca15@gmail.com | 3143175760 | Ingeniería de Software sexto semestre | 2 años | Si conozco un poco | 2500000 | 1 semana | no aplica | [User search fora job [User enters 'Analista de Pruebas' then hits [ENTER] into The user intro date, User enters 'Medellín y Bogota' then hits [ENTER] into the user intro date, User clicks on The User click on button]]]
[Test worker] INFO net.thucydides.core.steps.ConsoleLoggingListener - FINISHING STEP
[Test worker] WARN net.thucydides.core.steps.BaseStepListener - stepStarted: net.thucydides.core.steps.ExecutedStepDescription@1d3ad591
[Test worker] INFO net.thucydides.core.steps.ConsoleLoggingListener - STARTING STEP User clicks on The user select Jobs
[Test worker] WARN net.thucydides.core.steps.BaseStepListener - stepFinished: current outcome:the user wants to apply a job offer in choucair:Example: {keywords=Analista de Pruebas, locations=Medellín y Bogota, nombre=Deisy Tipazoca, correo=deisy.tipazoca15@gmail.com, celular=3143175760, estudios=Ingeniería de Software sexto semestre, experiencia=2 años, automatizacion=Si conozco un poco, salarial=2500000, disponibilidad=1 semana, mensaje=no aplica, verificacion=Analista de Pruebas Medellín y Bogotá} [Given the user enters the portal choucair [User open up [User opens the Choucair page, User clicks on User accept Cookies, User clicks on User click Button Job]], When the user applies a job offer
| keywords | locations | nombre | correo | celular | estudios | experiencia | automatizacion | salarial | disponibilidad | mensaje |
| Analista de Pruebas | Medellín y Bogota | Deisy Tipazoca | deisy.tipazoca15@gmail.com | 3143175760 | Ingeniería de Software sexto semestre | 2 años | Si conozco un poco | 2500000 | 1 semana | no aplica | [User search fora job [User enters 'Analista de Pruebas' then hits [ENTER] into The user intro date, User enters 'Medellín y Bogota' then hits [ENTER] into the user intro date, User clicks on The User click on button, User clicks on The user select Jobs]]]
[Test worker] INFO net.thucydides.core.steps.ConsoleLoggingListener - FINISHING STEP
[Test worker] WARN net.thucydides.core.steps.BaseStepListener - stepFinished: current outcome:the user wants to apply a job offer in choucair:Example: {keywords=Analista de Pruebas, locations=Medellín y Bogota, nombre=Deisy Tipazoca, correo=deisy.tipazoca15@gmail.com, celular=3143175760, estudios=Ingeniería de Software sexto semestre, experiencia=2 años, automatizacion=Si conozco un poco, salarial=2500000, disponibilidad=1 semana, mensaje=no aplica, verificacion=Analista de Pruebas Medellín y Bogotá} [Given the user enters the portal choucair [User open up [User opens the Choucair page, User clicks on User accept Cookies, User clicks on User click Button Job]], When the user applies a job offer
| keywords | locations | nombre | correo | celular | estudios | experiencia | automatizacion | salarial | disponibilidad | mensaje |
| Analista de Pruebas | Medellín y Bogota | Deisy Tipazoca | deisy.tipazoca15@gmail.com | 3143175760 | Ingeniería de Software sexto semestre | 2 años | Si conozco un poco | 2500000 | 1 semana | no aplica | [User search fora job [User enters 'Analista de Pruebas' then hits [ENTER] into The user intro date, User enters 'Medellín y Bogota' then hits [ENTER] into the user intro date, User clicks on The User click on button, User clicks on The user select Jobs]]]
[Test worker] INFO net.thucydides.core.steps.ConsoleLoggingListener - FINISHING STEP
[Test worker] WARN net.thucydides.core.steps.BaseStepListener - stepStarted: net.thucydides.core.steps.ExecutedStepDescription@51d4e25d
[Test worker] INFO net.thucydides.core.steps.ConsoleLoggingListener - STARTING STEP User apply job
[Test worker] WARN net.thucydides.core.steps.BaseStepListener - stepStarted: net.thucydides.core.steps.ExecutedStepDescription@4e8af757
[Test worker] INFO net.thucydides.core.steps.ConsoleLoggingListener - STARTING STEP User clicks on User  Click Buttton
[Test worker] WARN net.thucydides.core.steps.BaseStepListener - stepFinished: current outcome:the user wants to apply a job offer in choucair:Example: {keywords=Analista de Pruebas, locations=Medellín y Bogota, nombre=Deisy Tipazoca, correo=deisy.tipazoca15@gmail.com, celular=3143175760, estudios=Ingeniería de Software sexto semestre, experiencia=2 años, automatizacion=Si conozco un poco, salarial=2500000, disponibilidad=1 semana, mensaje=no aplica, verificacion=Analista de Pruebas Medellín y Bogotá} [Given the user enters the portal choucair [User open up [User opens the Choucair page, User clicks on User accept Cookies, User clicks on User click Button Job]], When the user applies a job offer
| keywords | locations | nombre | correo | celular | estudios | experiencia | automatizacion | salarial | disponibilidad | mensaje |
| Analista de Pruebas | Medellín y Bogota | Deisy Tipazoca | deisy.tipazoca15@gmail.com | 3143175760 | Ingeniería de Software sexto semestre | 2 años | Si conozco un poco | 2500000 | 1 semana | no aplica | [User search fora job [User enters 'Analista de Pruebas' then hits [ENTER] into The user intro date, User enters 'Medellín y Bogota' then hits [ENTER] into the user intro date, User clicks on The User click on button, User clicks on The user select Jobs], User apply job [User clicks on User  Click Buttton]]]
[Test worker] INFO net.thucydides.core.steps.ConsoleLoggingListener - FINISHING STEP
[Test worker] WARN net.thucydides.core.steps.BaseStepListener - stepStarted: net.thucydides.core.steps.ExecutedStepDescription@19121be0
[Test worker] INFO net.thucydides.core.steps.ConsoleLoggingListener - STARTING STEP User enters 'Deisy Tipazoca' into User  Click Buttton
[Test worker] WARN net.thucydides.core.steps.BaseStepListener - stepFinished: current outcome:the user wants to apply a job offer in choucair:Example: {keywords=Analista de Pruebas, locations=Medellín y Bogota, nombre=Deisy Tipazoca, correo=deisy.tipazoca15@gmail.com, celular=3143175760, estudios=Ingeniería de Software sexto semestre, experiencia=2 años, automatizacion=Si conozco un poco, salarial=2500000, disponibilidad=1 semana, mensaje=no aplica, verificacion=Analista de Pruebas Medellín y Bogotá} [Given the user enters the portal choucair [User open up [User opens the Choucair page, User clicks on User accept Cookies, User clicks on User click Button Job]], When the user applies a job offer
| keywords | locations | nombre | correo | celular | estudios | experiencia | automatizacion | salarial | disponibilidad | mensaje |
| Analista de Pruebas | Medellín y Bogota | Deisy Tipazoca | deisy.tipazoca15@gmail.com | 3143175760 | Ingeniería de Software sexto semestre | 2 años | Si conozco un poco | 2500000 | 1 semana | no aplica | [User search fora job [User enters 'Analista de Pruebas' then hits [ENTER] into The user intro date, User enters 'Medellín y Bogota' then hits [ENTER] into the user intro date, User clicks on The User click on button, User clicks on The user select Jobs], User apply job [User clicks on User  Click Buttton, User enters 'Deisy Tipazoca' into User  Click Buttton]]]
[Test worker] INFO net.thucydides.core.steps.ConsoleLoggingListener - FINISHING STEP
[Test worker] WARN net.thucydides.core.steps.BaseStepListener - stepStarted: net.thucydides.core.steps.ExecutedStepDescription@38e0bf9b
[Test worker] INFO net.thucydides.core.steps.ConsoleLoggingListener - STARTING STEP User enters 'deisy.tipazoca15@gmail.com' into User  Click Buttton
[Test worker] WARN net.thucydides.core.steps.BaseStepListener - stepFinished: current outcome:the user wants to apply a job offer in choucair:Example: {keywords=Analista de Pruebas, locations=Medellín y Bogota, nombre=Deisy Tipazoca, correo=deisy.tipazoca15@gmail.com, celular=3143175760, estudios=Ingeniería de Software sexto semestre, experiencia=2 años, automatizacion=Si conozco un poco, salarial=2500000, disponibilidad=1 semana, mensaje=no aplica, verificacion=Analista de Pruebas Medellín y Bogotá} [Given the user enters the portal choucair [User open up [User opens the Choucair page, User clicks on User accept Cookies, User clicks on User click Button Job]], When the user applies a job offer
| keywords | locations | nombre | correo | celular | estudios | experiencia | automatizacion | salarial | disponibilidad | mensaje |
| Analista de Pruebas | Medellín y Bogota | Deisy Tipazoca | deisy.tipazoca15@gmail.com | 3143175760 | Ingeniería de Software sexto semestre | 2 años | Si conozco un poco | 2500000 | 1 semana | no aplica | [User search fora job [User enters 'Analista de Pruebas' then hits [ENTER] into The user intro date, User enters 'Medellín y Bogota' then hits [ENTER] into the user intro date, User clicks on The User click on button, User clicks on The user select Jobs], User apply job [User clicks on User  Click Buttton, User enters 'Deisy Tipazoca' into User  Click Buttton, User enters 'deisy.tipazoca15@gmail.com' into User  Click Buttton]]]
[Test worker] INFO net.thucydides.core.steps.ConsoleLoggingListener - FINISHING STEP
[Test worker] WARN net.thucydides.core.steps.BaseStepListener - stepStarted: net.thucydides.core.steps.ExecutedStepDescription@6fbe595
[Test worker] INFO net.thucydides.core.steps.ConsoleLoggingListener - STARTING STEP User enters '3143175760' into User  Click Buttton
[Test worker] WARN net.thucydides.core.steps.BaseStepListener - stepFinished: current outcome:the user wants to apply a job offer in choucair:Example: {keywords=Analista de Pruebas, locations=Medellín y Bogota, nombre=Deisy Tipazoca, correo=deisy.tipazoca15@gmail.com, celular=3143175760, estudios=Ingeniería de Software sexto semestre, experiencia=2 años, automatizacion=Si conozco un poco, salarial=2500000, disponibilidad=1 semana, mensaje=no aplica, verificacion=Analista de Pruebas Medellín y Bogotá} [Given the user enters the portal choucair [User open up [User opens the Choucair page, User clicks on User accept Cookies, User clicks on User click Button Job]], When the user applies a job offer
| keywords | locations | nombre | correo | celular | estudios | experiencia | automatizacion | salarial | disponibilidad | mensaje |
| Analista de Pruebas | Medellín y Bogota | Deisy Tipazoca | deisy.tipazoca15@gmail.com | 3143175760 | Ingeniería de Software sexto semestre | 2 años | Si conozco un poco | 2500000 | 1 semana | no aplica | [User search fora job [User enters 'Analista de Pruebas' then hits [ENTER] into The user intro date, User enters 'Medellín y Bogota' then hits [ENTER] into the user intro date, User clicks on The User click on button, User clicks on The user select Jobs], User apply job [User clicks on User  Click Buttton, User enters 'Deisy Tipazoca' into User  Click Buttton, User enters 'deisy.tipazoca15@gmail.com' into User  Click Buttton, User enters '3143175760' into User  Click Buttton]]]
[Test worker] INFO net.thucydides.core.steps.ConsoleLoggingListener - FINISHING STEP
[Test worker] WARN net.thucydides.core.steps.BaseStepListener - stepStarted: net.thucydides.core.steps.ExecutedStepDescription@79bceda3
[Test worker] INFO net.thucydides.core.steps.ConsoleLoggingListener - STARTING STEP User enters 'Ingeniería de Software sexto semestre' into User  Click Buttton
[Test worker] WARN net.thucydides.core.steps.BaseStepListener - stepFinished: current outcome:the user wants to apply a job offer in choucair:Example: {keywords=Analista de Pruebas, locations=Medellín y Bogota, nombre=Deisy Tipazoca, correo=deisy.tipazoca15@gmail.com, celular=3143175760, estudios=Ingeniería de Software sexto semestre, experiencia=2 años, automatizacion=Si conozco un poco, salarial=2500000, disponibilidad=1 semana, mensaje=no aplica, verificacion=Analista de Pruebas Medellín y Bogotá} [Given the user enters the portal choucair [User open up [User opens the Choucair page, User clicks on User accept Cookies, User clicks on User click Button Job]], When the user applies a job offer
| keywords | locations | nombre | correo | celular | estudios | experiencia | automatizacion | salarial | disponibilidad | mensaje |
| Analista de Pruebas | Medellín y Bogota | Deisy Tipazoca | deisy.tipazoca15@gmail.com | 3143175760 | Ingeniería de Software sexto semestre | 2 años | Si conozco un poco | 2500000 | 1 semana | no aplica | [User search fora job [User enters 'Analista de Pruebas' then hits [ENTER] into The user intro date, User enters 'Medellín y Bogota' then hits [ENTER] into the user intro date, User clicks on The User click on button, User clicks on The user select Jobs], User apply job [User clicks on User  Click Buttton, User enters 'Deisy Tipazoca' into User  Click Buttton, User enters 'deisy.tipazoca15@gmail.com' into User  Click Buttton, User enters '3143175760' into User  Click Buttton, User enters 'Ingeniería de Software sexto semestre' into User  Click Buttton]]]
[Test worker] INFO net.thucydides.core.steps.ConsoleLoggingListener - FINISHING STEP
[Test worker] WARN net.thucydides.core.steps.BaseStepListener - stepStarted: net.thucydides.core.steps.ExecutedStepDescription@602727bf
[Test worker] INFO net.thucydides.core.steps.ConsoleLoggingListener - STARTING STEP User enters '2 años' into User  Click Buttton
[Test worker] WARN net.thucydides.core.steps.BaseStepListener - stepFinished: current outcome:the user wants to apply a job offer in choucair:Example: {keywords=Analista de Pruebas, locations=Medellín y Bogota, nombre=Deisy Tipazoca, correo=deisy.tipazoca15@gmail.com, celular=3143175760, estudios=Ingeniería de Software sexto semestre, experiencia=2 años, automatizacion=Si conozco un poco, salarial=2500000, disponibilidad=1 semana, mensaje=no aplica, verificacion=Analista de Pruebas Medellín y Bogotá} [Given the user enters the portal choucair [User open up [User opens the Choucair page, User clicks on User accept Cookies, User clicks on User click Button Job]], When the user applies a job offer
| keywords | locations | nombre | correo | celular | estudios | experiencia | automatizacion | salarial | disponibilidad | mensaje |
| Analista de Pruebas | Medellín y Bogota | Deisy Tipazoca | deisy.tipazoca15@gmail.com | 3143175760 | Ingeniería de Software sexto semestre | 2 años | Si conozco un poco | 2500000 | 1 semana | no aplica | [User search fora job [User enters 'Analista de Pruebas' then hits [ENTER] into The user intro date, User enters 'Medellín y Bogota' then hits [ENTER] into the user intro date, User clicks on The User click on button, User clicks on The user select Jobs], User apply job [User clicks on User  Click Buttton, User enters 'Deisy Tipazoca' into User  Click Buttton, User enters 'deisy.tipazoca15@gmail.com' into User  Click Buttton, User enters '3143175760' into User  Click Buttton, User enters 'Ingeniería de Software sexto semestre' into User  Click Buttton, User enters '2 años' into User  Click Buttton]]]
[Test worker] INFO net.thucydides.core.steps.ConsoleLoggingListener - FINISHING STEP
[Test worker] WARN net.thucydides.core.steps.BaseStepListener - stepStarted: net.thucydides.core.steps.ExecutedStepDescription@44f85248
[Test worker] INFO net.thucydides.core.steps.ConsoleLoggingListener - STARTING STEP User enters 'Si conozco un poco' into User  Click Buttton
[Test worker] WARN net.thucydides.core.steps.BaseStepListener - stepFinished: current outcome:the user wants to apply a job offer in choucair:Example: {keywords=Analista de Pruebas, locations=Medellín y Bogota, nombre=Deisy Tipazoca, correo=deisy.tipazoca15@gmail.com, celular=3143175760, estudios=Ingeniería de Software sexto semestre, experiencia=2 años, automatizacion=Si conozco un poco, salarial=2500000, disponibilidad=1 semana, mensaje=no aplica, verificacion=Analista de Pruebas Medellín y Bogotá} [Given the user enters the portal choucair [User open up [User opens the Choucair page, User clicks on User accept Cookies, User clicks on User click Button Job]], When the user applies a job offer
| keywords | locations | nombre | correo | celular | estudios | experiencia | automatizacion | salarial | disponibilidad | mensaje |
| Analista de Pruebas | Medellín y Bogota | Deisy Tipazoca | deisy.tipazoca15@gmail.com | 3143175760 | Ingeniería de Software sexto semestre | 2 años | Si conozco un poco | 2500000 | 1 semana | no aplica | [User search fora job [User enters 'Analista de Pruebas' then hits [ENTER] into The user intro date, User enters 'Medellín y Bogota' then hits [ENTER] into the user intro date, User clicks on The User click on button, User clicks on The user select Jobs], User apply job [User clicks on User  Click Buttton, User enters 'Deisy Tipazoca' into User  Click Buttton, User enters 'deisy.tipazoca15@gmail.com' into User  Click Buttton, User enters '3143175760' into User  Click Buttton, User enters 'Ingeniería de Software sexto semestre' into User  Click Buttton, User enters '2 años' into User  Click Buttton, User enters 'Si conozco un poco' into User  Click Buttton]]]
[Test worker] INFO net.thucydides.core.steps.ConsoleLoggingListener - FINISHING STEP
[Test worker] WARN net.thucydides.core.steps.BaseStepListener - stepStarted: net.thucydides.core.steps.ExecutedStepDescription@67b7cb5a
[Test worker] INFO net.thucydides.core.steps.ConsoleLoggingListener - STARTING STEP User enters '2500000' into User  Click Buttton
[Test worker] WARN net.thucydides.core.steps.BaseStepListener - stepFinished: current outcome:the user wants to apply a job offer in choucair:Example: {keywords=Analista de Pruebas, locations=Medellín y Bogota, nombre=Deisy Tipazoca, correo=deisy.tipazoca15@gmail.com, celular=3143175760, estudios=Ingeniería de Software sexto semestre, experiencia=2 años, automatizacion=Si conozco un poco, salarial=2500000, disponibilidad=1 semana, mensaje=no aplica, verificacion=Analista de Pruebas Medellín y Bogotá} [Given the user enters the portal choucair [User open up [User opens the Choucair page, User clicks on User accept Cookies, User clicks on User click Button Job]], When the user applies a job offer
| keywords | locations | nombre | correo | celular | estudios | experiencia | automatizacion | salarial | disponibilidad | mensaje |
| Analista de Pruebas | Medellín y Bogota | Deisy Tipazoca | deisy.tipazoca15@gmail.com | 3143175760 | Ingeniería de Software sexto semestre | 2 años | Si conozco un poco | 2500000 | 1 semana | no aplica | [User search fora job [User enters 'Analista de Pruebas' then hits [ENTER] into The user intro date, User enters 'Medellín y Bogota' then hits [ENTER] into the user intro date, User clicks on The User click on button, User clicks on The user select Jobs], User apply job [User clicks on User  Click Buttton, User enters 'Deisy Tipazoca' into User  Click Buttton, User enters 'deisy.tipazoca15@gmail.com' into User  Click Buttton, User enters '3143175760' into User  Click Buttton, User enters 'Ingeniería de Software sexto semestre' into User  Click Buttton, User enters '2 años' into User  Click Buttton, User enters 'Si conozco un poco' into User  Click Buttton, User enters '2500000' into User  Click Buttton]]]
[Test worker] INFO net.thucydides.core.steps.ConsoleLoggingListener - FINISHING STEP
[Test worker] WARN net.thucydides.core.steps.BaseStepListener - stepStarted: net.thucydides.core.steps.ExecutedStepDescription@660f611
[Test worker] INFO net.thucydides.core.steps.ConsoleLoggingListener - STARTING STEP User enters '1 semana' into User  Click Buttton
[Test worker] WARN net.thucydides.core.steps.BaseStepListener - stepFinished: current outcome:the user wants to apply a job offer in choucair:Example: {keywords=Analista de Pruebas, locations=Medellín y Bogota, nombre=Deisy Tipazoca, correo=deisy.tipazoca15@gmail.com, celular=3143175760, estudios=Ingeniería de Software sexto semestre, experiencia=2 años, automatizacion=Si conozco un poco, salarial=2500000, disponibilidad=1 semana, mensaje=no aplica, verificacion=Analista de Pruebas Medellín y Bogotá} [Given the user enters the portal choucair [User open up [User opens the Choucair page, User clicks on User accept Cookies, User clicks on User click Button Job]], When the user applies a job offer
| keywords | locations | nombre | correo | celular | estudios | experiencia | automatizacion | salarial | disponibilidad | mensaje |
| Analista de Pruebas | Medellín y Bogota | Deisy Tipazoca | deisy.tipazoca15@gmail.com | 3143175760 | Ingeniería de Software sexto semestre | 2 años | Si conozco un poco | 2500000 | 1 semana | no aplica | [User search fora job [User enters 'Analista de Pruebas' then hits [ENTER] into The user intro date, User enters 'Medellín y Bogota' then hits [ENTER] into the user intro date, User clicks on The User click on button, User clicks on The user select Jobs], User apply job [User clicks on User  Click Buttton, User enters 'Deisy Tipazoca' into User  Click Buttton, User enters 'deisy.tipazoca15@gmail.com' into User  Click Buttton, User enters '3143175760' into User  Click Buttton, User enters 'Ingeniería de Software sexto semestre' into User  Click Buttton, User enters '2 años' into User  Click Buttton, User enters 'Si conozco un poco' into User  Click Buttton, User enters '2500000' into User  Click Buttton, User enters '1 semana' into User  Click Buttton]]]
[Test worker] INFO net.thucydides.core.steps.ConsoleLoggingListener - FINISHING STEP
[Test worker] WARN net.thucydides.core.steps.BaseStepListener - stepStarted: net.thucydides.core.steps.ExecutedStepDescription@6046eda5
[Test worker] INFO net.thucydides.core.steps.ConsoleLoggingListener - STARTING STEP User enters 'no aplica' into User  Click Buttton
[Test worker] WARN net.thucydides.core.steps.BaseStepListener - stepFinished: current outcome:the user wants to apply a job offer in choucair:Example: {keywords=Analista de Pruebas, locations=Medellín y Bogota, nombre=Deisy Tipazoca, correo=deisy.tipazoca15@gmail.com, celular=3143175760, estudios=Ingeniería de Software sexto semestre, experiencia=2 años, automatizacion=Si conozco un poco, salarial=2500000, disponibilidad=1 semana, mensaje=no aplica, verificacion=Analista de Pruebas Medellín y Bogotá} [Given the user enters the portal choucair [User open up [User opens the Choucair page, User clicks on User accept Cookies, User clicks on User click Button Job]], When the user applies a job offer
| keywords | locations | nombre | correo | celular | estudios | experiencia | automatizacion | salarial | disponibilidad | mensaje |
| Analista de Pruebas | Medellín y Bogota | Deisy Tipazoca | deisy.tipazoca15@gmail.com | 3143175760 | Ingeniería de Software sexto semestre | 2 años | Si conozco un poco | 2500000 | 1 semana | no aplica | [User search fora job [User enters 'Analista de Pruebas' then hits [ENTER] into The user intro date, User enters 'Medellín y Bogota' then hits [ENTER] into the user intro date, User clicks on The User click on button, User clicks on The user select Jobs], User apply job [User clicks on User  Click Buttton, User enters 'Deisy Tipazoca' into User  Click Buttton, User enters 'deisy.tipazoca15@gmail.com' into User  Click Buttton, User enters '3143175760' into User  Click Buttton, User enters 'Ingeniería de Software sexto semestre' into User  Click Buttton, User enters '2 años' into User  Click Buttton, User enters 'Si conozco un poco' into User  Click Buttton, User enters '2500000' into User  Click Buttton, User enters '1 semana' into User  Click Buttton, User enters 'no aplica' into User  Click Buttton]]]
[Test worker] INFO net.thucydides.core.steps.ConsoleLoggingListener - FINISHING STEP
[Test worker] WARN net.thucydides.core.steps.BaseStepListener - stepStarted: net.thucydides.core.steps.ExecutedStepDescription@8276585
[Test worker] INFO net.thucydides.core.steps.ConsoleLoggingListener - STARTING STEP User clicks on User  Click Buttton
[Test worker] WARN net.thucydides.core.steps.BaseStepListener - stepFinished: current outcome:the user wants to apply a job offer in choucair:Example: {keywords=Analista de Pruebas, locations=Medellín y Bogota, nombre=Deisy Tipazoca, correo=deisy.tipazoca15@gmail.com, celular=3143175760, estudios=Ingeniería de Software sexto semestre, experiencia=2 años, automatizacion=Si conozco un poco, salarial=2500000, disponibilidad=1 semana, mensaje=no aplica, verificacion=Analista de Pruebas Medellín y Bogotá} [Given the user enters the portal choucair [User open up [User opens the Choucair page, User clicks on User accept Cookies, User clicks on User click Button Job]], When the user applies a job offer
| keywords | locations | nombre | correo | celular | estudios | experiencia | automatizacion | salarial | disponibilidad | mensaje |
| Analista de Pruebas | Medellín y Bogota | Deisy Tipazoca | deisy.tipazoca15@gmail.com | 3143175760 | Ingeniería de Software sexto semestre | 2 años | Si conozco un poco | 2500000 | 1 semana | no aplica | [User search fora job [User enters 'Analista de Pruebas' then hits [ENTER] into The user intro date, User enters 'Medellín y Bogota' then hits [ENTER] into the user intro date, User clicks on The User click on button, User clicks on The user select Jobs], User apply job [User clicks on User  Click Buttton, User enters 'Deisy Tipazoca' into User  Click Buttton, User enters 'deisy.tipazoca15@gmail.com' into User  Click Buttton, User enters '3143175760' into User  Click Buttton, User enters 'Ingeniería de Software sexto semestre' into User  Click Buttton, User enters '2 años' into User  Click Buttton, User enters 'Si conozco un poco' into User  Click Buttton, User enters '2500000' into User  Click Buttton, User enters '1 semana' into User  Click Buttton, User enters 'no aplica' into User  Click Buttton, User clicks on User  Click Buttton]]]
[Test worker] INFO net.thucydides.core.steps.ConsoleLoggingListener - FINISHING STEP
[Test worker] WARN net.thucydides.core.steps.BaseStepListener - stepFinished: current outcome:the user wants to apply a job offer in choucair:Example: {keywords=Analista de Pruebas, locations=Medellín y Bogota, nombre=Deisy Tipazoca, correo=deisy.tipazoca15@gmail.com, celular=3143175760, estudios=Ingeniería de Software sexto semestre, experiencia=2 años, automatizacion=Si conozco un poco, salarial=2500000, disponibilidad=1 semana, mensaje=no aplica, verificacion=Analista de Pruebas Medellín y Bogotá} [Given the user enters the portal choucair [User open up [User opens the Choucair page, User clicks on User accept Cookies, User clicks on User click Button Job]], When the user applies a job offer
| keywords | locations | nombre | correo | celular | estudios | experiencia | automatizacion | salarial | disponibilidad | mensaje |
| Analista de Pruebas | Medellín y Bogota | Deisy Tipazoca | deisy.tipazoca15@gmail.com | 3143175760 | Ingeniería de Software sexto semestre | 2 años | Si conozco un poco | 2500000 | 1 semana | no aplica | [User search fora job [User enters 'Analista de Pruebas' then hits [ENTER] into The user intro date, User enters 'Medellín y Bogota' then hits [ENTER] into the user intro date, User clicks on The User click on button, User clicks on The user select Jobs], User apply job [User clicks on User  Click Buttton, User enters 'Deisy Tipazoca' into User  Click Buttton, User enters 'deisy.tipazoca15@gmail.com' into User  Click Buttton, User enters '3143175760' into User  Click Buttton, User enters 'Ingeniería de Software sexto semestre' into User  Click Buttton, User enters '2 años' into User  Click Buttton, User enters 'Si conozco un poco' into User  Click Buttton, User enters '2500000' into User  Click Buttton, User enters '1 semana' into User  Click Buttton, User enters 'no aplica' into User  Click Buttton, User clicks on User  Click Buttton]]]
[Test worker] INFO net.thucydides.core.steps.ConsoleLoggingListener - FINISHING STEP
[Test worker] WARN net.thucydides.core.steps.BaseStepListener - stepFinished: current outcome:the user wants to apply a job offer in choucair:Example: {keywords=Analista de Pruebas, locations=Medellín y Bogota, nombre=Deisy Tipazoca, correo=deisy.tipazoca15@gmail.com, celular=3143175760, estudios=Ingeniería de Software sexto semestre, experiencia=2 años, automatizacion=Si conozco un poco, salarial=2500000, disponibilidad=1 semana, mensaje=no aplica, verificacion=Analista de Pruebas Medellín y Bogotá} [Given the user enters the portal choucair [User open up [User opens the Choucair page, User clicks on User accept Cookies, User clicks on User click Button Job]], When the user applies a job offer
| keywords | locations | nombre | correo | celular | estudios | experiencia | automatizacion | salarial | disponibilidad | mensaje |
| Analista de Pruebas | Medellín y Bogota | Deisy Tipazoca | deisy.tipazoca15@gmail.com | 3143175760 | Ingeniería de Software sexto semestre | 2 años | Si conozco un poco | 2500000 | 1 semana | no aplica | [User search fora job [User enters 'Analista de Pruebas' then hits [ENTER] into The user intro date, User enters 'Medellín y Bogota' then hits [ENTER] into the user intro date, User clicks on The User click on button, User clicks on The user select Jobs], User apply job [User clicks on User  Click Buttton, User enters 'Deisy Tipazoca' into User  Click Buttton, User enters 'deisy.tipazoca15@gmail.com' into User  Click Buttton, User enters '3143175760' into User  Click Buttton, User enters 'Ingeniería de Software sexto semestre' into User  Click Buttton, User enters '2 años' into User  Click Buttton, User enters 'Si conozco un poco' into User  Click Buttton, User enters '2500000' into User  Click Buttton, User enters '1 semana' into User  Click Buttton, User enters 'no aplica' into User  Click Buttton, User clicks on User  Click Buttton]]]
[Test worker] INFO net.thucydides.core.steps.ConsoleLoggingListener - FINISHING STEP
[Test worker] WARN net.thucydides.core.steps.BaseStepListener - stepStarted: net.thucydides.core.steps.ExecutedStepDescription@6c2ce76b
[Test worker] INFO net.thucydides.core.steps.ConsoleLoggingListener - STARTING STEP Then successful registration verification
| verificacion |
| Analista de Pruebas Medellín y Bogotá |
[Test worker] WARN net.thucydides.core.steps.BaseStepListener - stepStarted: net.thucydides.core.steps.ExecutedStepDescription@5ede631c
[Test worker] INFO net.thucydides.core.steps.ConsoleLoggingListener - STARTING STEP Then verification job
[Test worker] INFO net.thucydides.core.steps.ConsoleLoggingListener - ?[91mSTEP ERROR: org.openqa.selenium.InvalidSelectorException: invalid selector: Unable to locate an element with the xpath expression  because of the following error:
SyntaxError: Failed to execute 'evaluate' on 'Document': The string '' is not a valid XPath expression.
  (Session info: chrome=90.0.4430.212)
For documentation on this error, please visit: https://www.seleniumhq.org/exceptions/invalid_selector_exception.html
Build info: version: '3.141.59', revision: 'e82be7d358', time: '2018-11-14T08:17:03'
System info: host: 'LAPTOP-AVRRJBHF', ip: '192.168.0.47', os.name: 'Windows 10', os.arch: 'amd64', os.version: '10.0', java.version: '11.0.4'
Driver info: org.openqa.selenium.chrome.ChromeDriver
Capabilities {acceptInsecureCerts: false, browserName: chrome, browserVersion: 90.0.4430.212, chrome: {chromedriverVersion: 90.0.4430.24 (4c6d850f087da..., userDataDir: C:\Users\JUANKZ~1\AppData\L...}, goog:chromeOptions: {debuggerAddress: localhost:55451}, javascriptEnabled: true, networkConnectionEnabled: false, pageLoadStrategy: normal, platform: WINDOWS, platformName: WINDOWS, proxy: Proxy(), setWindowRect: true, strictFileInteractability: false, timeouts: {implicit: 0, pageLoad: 300000, script: 30000}, unhandledPromptBehavior: dismiss and notify, webauthn:extension:largeBlob: true, webauthn:virtualAuthenticators: true}
Session ID: fa14a739827de9ff167d127a24bb8471
*** Element info: {Using=xpath, value=}?[0m
[Test worker] INFO net.thucydides.core.steps.ConsoleLoggingListener - ?[91mSTEP FAILURE: java.lang.AssertionError: invalid selector: Unable to locate an element with the xpath expression  because of the following error:
SyntaxError: Failed to execute 'evaluate' on 'Document': The string '' is not a valid XPath expression.
  (Session info: chrome=90.0.4430.212)
For documentation on this error, please visit: https://www.seleniumhq.org/exceptions/invalid_selector_exception.html
Build info: version: '3.141.59', revision: 'e82be7d358', time: '2018-11-14T08:17:03'
System info: host: 'LAPTOP-AVRRJBHF', ip: '192.168.0.47', os.name: 'Windows 10', os.arch: 'amd64', os.version: '10.0', java.version: '11.0.4'
Driver info: org.openqa.selenium.chrome.ChromeDriver
Capabilities {acceptInsecureCerts: false, browserName: chrome, browserVersion: 90.0.4430.212, chrome: {chromedriverVersion: 90.0.4430.24 (4c6d850f087da..., userDataDir: C:\Users\JUANKZ~1\AppData\L...}, goog:chromeOptions: {debuggerAddress: localhost:55451}, javascriptEnabled: true, networkConnectionEnabled: false, pageLoadStrategy: normal, platform: WINDOWS, platformName: WINDOWS, proxy: Proxy(), setWindowRect: true, strictFileInteractability: false, timeouts: {implicit: 0, pageLoad: 300000, script: 30000}, unhandledPromptBehavior: dismiss and notify, webauthn:extension:largeBlob: true, webauthn:virtualAuthenticators: true}
Session ID: fa14a739827de9ff167d127a24bb8471
*** Element info: {Using=xpath, value=}?[0m
[Test worker] INFO net.thucydides.core.steps.ConsoleLoggingListener - ?[91mSTEP FAILURE: java.lang.AssertionError: invalid selector: Unable to locate an element with the xpath expression  because of the following error:
SyntaxError: Failed to execute 'evaluate' on 'Document': The string '' is not a valid XPath expression.
  (Session info: chrome=90.0.4430.212)
For documentation on this error, please visit: https://www.seleniumhq.org/exceptions/invalid_selector_exception.html
Build info: version: '3.141.59', revision: 'e82be7d358', time: '2018-11-14T08:17:03'
System info: host: 'LAPTOP-AVRRJBHF', ip: '192.168.0.47', os.name: 'Windows 10', os.arch: 'amd64', os.version: '10.0', java.version: '11.0.4'
Driver info: org.openqa.selenium.chrome.ChromeDriver
Capabilities {acceptInsecureCerts: false, browserName: chrome, browserVersion: 90.0.4430.212, chrome: {chromedriverVersion: 90.0.4430.24 (4c6d850f087da..., userDataDir: C:\Users\JUANKZ~1\AppData\L...}, goog:chromeOptions: {debuggerAddress: localhost:55451}, javascriptEnabled: true, networkConnectionEnabled: false, pageLoadStrategy: normal, platform: WINDOWS, platformName: WINDOWS, proxy: Proxy(), setWindowRect: true, strictFileInteractability: false, timeouts: {implicit: 0, pageLoad: 300000, script: 30000}, unhandledPromptBehavior: dismiss and notify, webauthn:extension:largeBlob: true, webauthn:virtualAuthenticators: true}
Session ID: fa14a739827de9ff167d127a24bb8471
*** Element info: {Using=xpath, value=}?[0m
[Test worker] WARN net.thucydides.core.steps.BaseStepListener - testFinished: the user wants to apply a job offer in choucair:Example: {keywords=Analista de Pruebas, locations=Medellín y Bogota, nombre=Deisy Tipazoca, correo=deisy.tipazoca15@gmail.com, celular=3143175760, estudios=Ingeniería de Software sexto semestre, experiencia=2 años, automatizacion=Si conozco un poco, salarial=2500000, disponibilidad=1 semana, mensaje=no aplica, verificacion=Analista de Pruebas Medellín y Bogotá} [Given the user enters the portal choucair [User open up [User opens the Choucair page, User clicks on User accept Cookies, User clicks on User click Button Job]], When the user applies a job offer
| keywords | locations | nombre | correo | celular | estudios | experiencia | automatizacion | salarial | disponibilidad | mensaje |
| Analista de Pruebas | Medellín y Bogota | Deisy Tipazoca | deisy.tipazoca15@gmail.com | 3143175760 | Ingeniería de Software sexto semestre | 2 años | Si conozco un poco | 2500000 | 1 semana | no aplica | [User search fora job [User enters 'Analista de Pruebas' then hits [ENTER] into The user intro date, User enters 'Medellín y Bogota' then hits [ENTER] into the user intro date, User clicks on The User click on button, User clicks on The user select Jobs], User apply job [User clicks on User  Click Buttton, User enters 'Deisy Tipazoca' into User  Click Buttton, User enters 'deisy.tipazoca15@gmail.com' into User  Click Buttton, User enters '3143175760' into User  Click Buttton, User enters 'Ingeniería de Software sexto semestre' into User  Click Buttton, User enters '2 años' into User  Click Buttton, User enters 'Si conozco un poco' into User  Click Buttton, User enters '2500000' into User  Click Buttton, User enters '1 semana' into User  Click Buttton, User enters 'no aplica' into User  Click Buttton, User clicks on User  Click Buttton]], Then successful registration verification
| verificacion |
| Analista de Pruebas Medellín y Bogotá | [Then verification job]]
[Test worker] WARN net.thucydides.core.steps.BaseStepListener - TestOutcomes: [the user wants to apply a job offer in choucair:Example: {keywords=Analista de Pruebas, locations=Medellín y Bogota, nombre=Deisy Tipazoca, correo=deisy.tipazoca15@gmail.com, celular=3143175760, estudios=Ingeniería de Software sexto semestre, experiencia=2 años, automatizacion=Si conozco un poco, salarial=2500000, disponibilidad=1 semana, mensaje=no aplica, verificacion=Analista de Pruebas Medellín y Bogotá} [Given the user enters the portal choucair [User open up [User opens the Choucair page, User clicks on User accept Cookies, User clicks on User click Button Job]], When the user applies a job offer
| keywords | locations | nombre | correo | celular | estudios | experiencia | automatizacion | salarial | disponibilidad | mensaje |
| Analista de Pruebas | Medellín y Bogota | Deisy Tipazoca | deisy.tipazoca15@gmail.com | 3143175760 | Ingeniería de Software sexto semestre | 2 años | Si conozco un poco | 2500000 | 1 semana | no aplica | [User search fora job [User enters 'Analista de Pruebas' then hits [ENTER] into The user intro date, User enters 'Medellín y Bogota' then hits [ENTER] into the user intro date, User clicks on The User click on button, User clicks on The user select Jobs], User apply job [User clicks on User  Click Buttton, User enters 'Deisy Tipazoca' into User  Click Buttton, User enters 'deisy.tipazoca15@gmail.com' into User  Click Buttton, User enters '3143175760' into User  Click Buttton, User enters 'Ingeniería de Software sexto semestre' into User  Click Buttton, User enters '2 años' into User  Click Buttton, User enters 'Si conozco un poco' into User  Click Buttton, User enters '2500000' into User  Click Buttton, User enters '1 semana' into User  Click Buttton, User enters 'no aplica' into User  Click Buttton, User clicks on User  Click Buttton]], Then successful registration verification
| verificacion |
| Analista de Pruebas Medellín y Bogotá | [Then verification job]]]
[Test worker] WARN net.thucydides.core.steps.BaseStepListener - Final testOutcomes: [the user wants to apply a job offer in choucair:Example: {keywords=Analista de Pruebas, locations=Medellín y Bogota, nombre=Deisy Tipazoca, correo=deisy.tipazoca15@gmail.com, celular=3143175760, estudios=Ingeniería de Software sexto semestre, experiencia=2 años, automatizacion=Si conozco un poco, salarial=2500000, disponibilidad=1 semana, mensaje=no aplica, verificacion=Analista de Pruebas Medellín y Bogotá} [Given the user enters the portal choucair [User open up [User opens the Choucair page, User clicks on User accept Cookies, User clicks on User click Button Job]], When the user applies a job offer
| keywords | locations | nombre | correo | celular | estudios | experiencia | automatizacion | salarial | disponibilidad | mensaje |
| Analista de Pruebas | Medellín y Bogota | Deisy Tipazoca | deisy.tipazoca15@gmail.com | 3143175760 | Ingeniería de Software sexto semestre | 2 años | Si conozco un poco | 2500000 | 1 semana | no aplica | [User search fora job [User enters 'Analista de Pruebas' then hits [ENTER] into The user intro date, User enters 'Medellín y Bogota' then hits [ENTER] into the user intro date, User clicks on The User click on button, User clicks on The user select Jobs], User apply job [User clicks on User  Click Buttton, User enters 'Deisy Tipazoca' into User  Click Buttton, User enters 'deisy.tipazoca15@gmail.com' into User  Click Buttton, User enters '3143175760' into User  Click Buttton, User enters 'Ingeniería de Software sexto semestre' into User  Click Buttton, User enters '2 años' into User  Click Buttton, User enters 'Si conozco un poco' into User  Click Buttton, User enters '2500000' into User  Click Buttton, User enters '1 semana' into User  Click Buttton, User enters 'no aplica' into User  Click Buttton, User clicks on User  Click Buttton]], Then successful registration verification
| verificacion |
| Analista de Pruebas Medellín y Bogotá | [Then verification job]]]
[Test worker] ERROR net.thucydides.core.steps.ConsoleLoggingListener - ?[91m
           __  _____ _____ ____ _____   _____ _    ___ _     _____ ____  
  _       / / |_   _| ____/ ___|_   _| |  ___/ \  |_ _| |   | ____|  _ \ 
 (_)_____| |    | | |  _| \___ \ | |   | |_ / _ \  | || |   |  _| | | | |
  _|_____| |    | | | |___ ___) || |   |  _/ ___ \ | || |___| |___| |_| |
 (_)     | |    |_| |_____|____/ |_|   |_|/_/   \_\___|_____|_____|____/ 
          \_\                                                            

TEST FAILED WITH ERROR: the user wants to apply a job offer in choucair
---------------------------------------------------------------------?[0m
[Test worker] ERROR net.thucydides.core.steps.ConsoleLoggingListener - ?[91mTEST FAILED AT STEP Then verification job?[0m
[Test worker] ERROR net.thucydides.core.steps.ConsoleLoggingListener - invalid selector: Unable to locate an element with the xpath expression  because of the following error:
]]></system-err>
</testsuite>
